2022-01-09 17:30:10,668 INFO    MainThread:18706 [internal.py:wandb_internal():87] W&B internal server running at pid: 18706, started at: 2022-01-09 17:30:10.668296
2022-01-09 17:30:10,672 DEBUG   SenderThread:18706 [sender.py:send():234] send: header
2022-01-09 17:30:10,672 DEBUG   HandlerThread:18706 [handler.py:handle_request():130] handle_request: check_version
2022-01-09 17:30:10,672 INFO    WriterThread:18706 [datastore.py:open_for_write():77] open: /Users/thomasryde/Documents/University/Kandidat/3. Semester/Machine Learning Operations/mlops/wandb/run-20220109_173008-3pgiloqh/run-3pgiloqh.wandb
2022-01-09 17:30:10,673 DEBUG   SenderThread:18706 [sender.py:send_request():248] send_request: check_version
2022-01-09 17:30:10,747 DEBUG   SenderThread:18706 [sender.py:send():234] send: run
2022-01-09 17:30:11,198 DEBUG   HandlerThread:18706 [handler.py:handle_request():130] handle_request: run_start
2022-01-09 17:30:11,210 INFO    SenderThread:18706 [dir_watcher.py:__init__():169] watching files in: /Users/thomasryde/Documents/University/Kandidat/3. Semester/Machine Learning Operations/mlops/wandb/run-20220109_173008-3pgiloqh/files
2022-01-09 17:30:11,211 INFO    SenderThread:18706 [sender.py:_start_run_threads():804] run started: 3pgiloqh with start time 1641745808
2022-01-09 17:30:11,212 DEBUG   SenderThread:18706 [sender.py:send():234] send: summary
2022-01-09 17:30:11,213 DEBUG   HandlerThread:18706 [meta.py:__init__():40] meta init
2022-01-09 17:30:11,213 DEBUG   HandlerThread:18706 [meta.py:__init__():54] meta init done
2022-01-09 17:30:11,214 DEBUG   HandlerThread:18706 [meta.py:probe():214] probe
2022-01-09 17:30:11,222 DEBUG   HandlerThread:18706 [meta.py:_setup_git():204] setup git
2022-01-09 17:30:11,226 INFO    SenderThread:18706 [sender.py:_save_file():939] saving file wandb-summary.json with policy end
2022-01-09 17:30:11,296 DEBUG   HandlerThread:18706 [meta.py:_setup_git():211] setup git done
2022-01-09 17:30:11,297 DEBUG   HandlerThread:18706 [meta.py:_save_pip():58] save pip
2022-01-09 17:30:11,299 DEBUG   HandlerThread:18706 [meta.py:_save_pip():72] save pip done
2022-01-09 17:30:11,299 DEBUG   HandlerThread:18706 [meta.py:_save_conda():79] save conda
2022-01-09 17:30:12,212 INFO    Thread-8  :18706 [dir_watcher.py:_on_file_created():217] file/dir created: /Users/thomasryde/Documents/University/Kandidat/3. Semester/Machine Learning Operations/mlops/wandb/run-20220109_173008-3pgiloqh/files/wandb-summary.json
2022-01-09 17:30:12,214 INFO    Thread-8  :18706 [dir_watcher.py:_on_file_created():217] file/dir created: /Users/thomasryde/Documents/University/Kandidat/3. Semester/Machine Learning Operations/mlops/wandb/run-20220109_173008-3pgiloqh/files/requirements.txt
2022-01-09 17:30:12,216 INFO    Thread-8  :18706 [dir_watcher.py:_on_file_created():217] file/dir created: /Users/thomasryde/Documents/University/Kandidat/3. Semester/Machine Learning Operations/mlops/wandb/run-20220109_173008-3pgiloqh/files/conda-environment.yaml
2022-01-09 17:30:16,228 INFO    Thread-8  :18706 [dir_watcher.py:_on_file_created():217] file/dir created: /Users/thomasryde/Documents/University/Kandidat/3. Semester/Machine Learning Operations/mlops/wandb/run-20220109_173008-3pgiloqh/files/output.log
2022-01-09 17:30:16,909 DEBUG   HandlerThread:18706 [meta.py:_save_conda():89] save conda done
2022-01-09 17:30:16,909 DEBUG   HandlerThread:18706 [meta.py:probe():252] probe done
2022-01-09 17:30:16,917 DEBUG   HandlerThread:18706 [handler.py:handle_request():130] handle_request: stop_status
2022-01-09 17:30:16,918 DEBUG   SenderThread:18706 [sender.py:send_request():248] send_request: stop_status
2022-01-09 17:30:17,186 DEBUG   SenderThread:18706 [sender.py:send():234] send: files
2022-01-09 17:30:17,186 INFO    SenderThread:18706 [sender.py:_save_file():939] saving file wandb-metadata.json with policy now
2022-01-09 17:30:17,229 INFO    Thread-8  :18706 [dir_watcher.py:_on_file_modified():230] file/dir modified: /Users/thomasryde/Documents/University/Kandidat/3. Semester/Machine Learning Operations/mlops/wandb/run-20220109_173008-3pgiloqh/files/conda-environment.yaml
2022-01-09 17:30:17,229 INFO    Thread-8  :18706 [dir_watcher.py:_on_file_created():217] file/dir created: /Users/thomasryde/Documents/University/Kandidat/3. Semester/Machine Learning Operations/mlops/wandb/run-20220109_173008-3pgiloqh/files/wandb-metadata.json
2022-01-09 17:30:17,900 INFO    Thread-11 :18706 [upload_job.py:push():137] Uploaded file /var/folders/tr/f81v_lkd0j7ghpn_j85t2bcr0000gn/T/tmp75xr2kyowandb/2h074ecw-wandb-metadata.json
2022-01-09 17:30:19,239 INFO    Thread-8  :18706 [dir_watcher.py:_on_file_modified():230] file/dir modified: /Users/thomasryde/Documents/University/Kandidat/3. Semester/Machine Learning Operations/mlops/wandb/run-20220109_173008-3pgiloqh/files/output.log
2022-01-09 17:30:21,243 INFO    Thread-8  :18706 [dir_watcher.py:_on_file_modified():230] file/dir modified: /Users/thomasryde/Documents/University/Kandidat/3. Semester/Machine Learning Operations/mlops/wandb/run-20220109_173008-3pgiloqh/files/output.log
2022-01-09 17:30:32,187 DEBUG   HandlerThread:18706 [handler.py:handle_request():130] handle_request: stop_status
2022-01-09 17:30:32,189 DEBUG   SenderThread:18706 [sender.py:send_request():248] send_request: stop_status
2022-01-09 17:30:33,273 INFO    Thread-8  :18706 [dir_watcher.py:_on_file_modified():230] file/dir modified: /Users/thomasryde/Documents/University/Kandidat/3. Semester/Machine Learning Operations/mlops/wandb/run-20220109_173008-3pgiloqh/files/output.log
2022-01-09 17:30:39,829 DEBUG   SenderThread:18706 [sender.py:send():234] send: stats
2022-01-09 17:30:40,292 INFO    Thread-8  :18706 [dir_watcher.py:_on_file_modified():230] file/dir modified: /Users/thomasryde/Documents/University/Kandidat/3. Semester/Machine Learning Operations/mlops/wandb/run-20220109_173008-3pgiloqh/files/output.log
2022-01-09 17:30:42,295 INFO    Thread-8  :18706 [dir_watcher.py:_on_file_modified():230] file/dir modified: /Users/thomasryde/Documents/University/Kandidat/3. Semester/Machine Learning Operations/mlops/wandb/run-20220109_173008-3pgiloqh/files/output.log
2022-01-09 17:30:44,302 INFO    Thread-8  :18706 [dir_watcher.py:_on_file_modified():230] file/dir modified: /Users/thomasryde/Documents/University/Kandidat/3. Semester/Machine Learning Operations/mlops/wandb/run-20220109_173008-3pgiloqh/files/output.log
2022-01-09 17:30:47,404 DEBUG   HandlerThread:18706 [handler.py:handle_request():130] handle_request: stop_status
2022-01-09 17:30:47,405 DEBUG   SenderThread:18706 [sender.py:send_request():248] send_request: stop_status
2022-01-09 17:30:52,329 INFO    Thread-8  :18706 [dir_watcher.py:_on_file_modified():230] file/dir modified: /Users/thomasryde/Documents/University/Kandidat/3. Semester/Machine Learning Operations/mlops/wandb/run-20220109_173008-3pgiloqh/files/output.log
2022-01-09 17:30:56,341 INFO    Thread-8  :18706 [dir_watcher.py:_on_file_modified():230] file/dir modified: /Users/thomasryde/Documents/University/Kandidat/3. Semester/Machine Learning Operations/mlops/wandb/run-20220109_173008-3pgiloqh/files/output.log
2022-01-09 17:31:00,354 INFO    Thread-8  :18706 [dir_watcher.py:_on_file_modified():230] file/dir modified: /Users/thomasryde/Documents/University/Kandidat/3. Semester/Machine Learning Operations/mlops/wandb/run-20220109_173008-3pgiloqh/files/output.log
2022-01-09 17:31:02,649 DEBUG   HandlerThread:18706 [handler.py:handle_request():130] handle_request: stop_status
2022-01-09 17:31:02,649 DEBUG   SenderThread:18706 [sender.py:send_request():248] send_request: stop_status
2022-01-09 17:31:06,368 INFO    Thread-8  :18706 [dir_watcher.py:_on_file_modified():230] file/dir modified: /Users/thomasryde/Documents/University/Kandidat/3. Semester/Machine Learning Operations/mlops/wandb/run-20220109_173008-3pgiloqh/files/output.log
2022-01-09 17:31:10,410 DEBUG   SenderThread:18706 [sender.py:send():234] send: stats
2022-01-09 17:31:12,386 INFO    Thread-8  :18706 [dir_watcher.py:_on_file_modified():230] file/dir modified: /Users/thomasryde/Documents/University/Kandidat/3. Semester/Machine Learning Operations/mlops/wandb/run-20220109_173008-3pgiloqh/files/output.log
2022-01-09 17:31:17,873 DEBUG   HandlerThread:18706 [handler.py:handle_request():130] handle_request: stop_status
2022-01-09 17:31:17,873 DEBUG   SenderThread:18706 [sender.py:send_request():248] send_request: stop_status
2022-01-09 17:31:24,415 INFO    Thread-8  :18706 [dir_watcher.py:_on_file_modified():230] file/dir modified: /Users/thomasryde/Documents/University/Kandidat/3. Semester/Machine Learning Operations/mlops/wandb/run-20220109_173008-3pgiloqh/files/output.log
2022-01-09 17:31:26,423 INFO    Thread-8  :18706 [dir_watcher.py:_on_file_modified():230] file/dir modified: /Users/thomasryde/Documents/University/Kandidat/3. Semester/Machine Learning Operations/mlops/wandb/run-20220109_173008-3pgiloqh/files/output.log
2022-01-09 17:31:28,427 INFO    Thread-8  :18706 [dir_watcher.py:_on_file_modified():230] file/dir modified: /Users/thomasryde/Documents/University/Kandidat/3. Semester/Machine Learning Operations/mlops/wandb/run-20220109_173008-3pgiloqh/files/output.log
2022-01-09 17:31:30,435 INFO    Thread-8  :18706 [dir_watcher.py:_on_file_modified():230] file/dir modified: /Users/thomasryde/Documents/University/Kandidat/3. Semester/Machine Learning Operations/mlops/wandb/run-20220109_173008-3pgiloqh/files/output.log
2022-01-09 17:31:33,138 DEBUG   HandlerThread:18706 [handler.py:handle_request():130] handle_request: stop_status
2022-01-09 17:31:33,139 DEBUG   SenderThread:18706 [sender.py:send_request():248] send_request: stop_status
2022-01-09 17:31:41,068 DEBUG   SenderThread:18706 [sender.py:send():234] send: stats
2022-01-09 17:31:42,477 INFO    Thread-8  :18706 [dir_watcher.py:_on_file_modified():230] file/dir modified: /Users/thomasryde/Documents/University/Kandidat/3. Semester/Machine Learning Operations/mlops/wandb/run-20220109_173008-3pgiloqh/files/output.log
2022-01-09 17:31:44,480 INFO    Thread-8  :18706 [dir_watcher.py:_on_file_modified():230] file/dir modified: /Users/thomasryde/Documents/University/Kandidat/3. Semester/Machine Learning Operations/mlops/wandb/run-20220109_173008-3pgiloqh/files/output.log
2022-01-09 17:31:46,485 INFO    Thread-8  :18706 [dir_watcher.py:_on_file_modified():230] file/dir modified: /Users/thomasryde/Documents/University/Kandidat/3. Semester/Machine Learning Operations/mlops/wandb/run-20220109_173008-3pgiloqh/files/output.log
2022-01-09 17:31:48,447 DEBUG   HandlerThread:18706 [handler.py:handle_request():130] handle_request: stop_status
2022-01-09 17:31:48,448 DEBUG   SenderThread:18706 [sender.py:send_request():248] send_request: stop_status
2022-01-09 17:31:50,503 INFO    Thread-8  :18706 [dir_watcher.py:_on_file_modified():230] file/dir modified: /Users/thomasryde/Documents/University/Kandidat/3. Semester/Machine Learning Operations/mlops/wandb/run-20220109_173008-3pgiloqh/files/output.log
2022-01-09 17:31:50,715 WARNING MainThread:18706 [internal.py:wandb_internal():146] Internal process interrupt: 1
2022-01-09 17:31:52,511 INFO    Thread-8  :18706 [dir_watcher.py:_on_file_modified():230] file/dir modified: /Users/thomasryde/Documents/University/Kandidat/3. Semester/Machine Learning Operations/mlops/wandb/run-20220109_173008-3pgiloqh/files/output.log
2022-01-09 17:31:53,666 DEBUG   HandlerThread:18706 [handler.py:handle_request():130] handle_request: poll_exit
2022-01-09 17:31:54,518 INFO    Thread-8  :18706 [dir_watcher.py:_on_file_modified():230] file/dir modified: /Users/thomasryde/Documents/University/Kandidat/3. Semester/Machine Learning Operations/mlops/wandb/run-20220109_173008-3pgiloqh/files/output.log
2022-01-09 17:31:58,773 DEBUG   HandlerThread:18706 [handler.py:handle_request():130] handle_request: poll_exit
2022-01-09 17:32:03,878 DEBUG   HandlerThread:18706 [handler.py:handle_request():130] handle_request: poll_exit
2022-01-09 17:32:08,985 DEBUG   HandlerThread:18706 [handler.py:handle_request():130] handle_request: poll_exit
2022-01-09 17:32:14,092 DEBUG   HandlerThread:18706 [handler.py:handle_request():130] handle_request: poll_exit
2022-01-09 17:32:19,197 DEBUG   HandlerThread:18706 [handler.py:handle_request():130] handle_request: poll_exit
2022-01-09 17:32:22,006 ERROR   SenderThread:18706 [retry.py:__call__():126] Retry attempt failed:
Traceback (most recent call last):
  File "/Users/thomasryde/opt/anaconda3/envs/myenv/lib/python3.9/site-packages/urllib3/connectionpool.py", line 445, in _make_request
    six.raise_from(e, None)
  File "<string>", line 3, in raise_from
  File "/Users/thomasryde/opt/anaconda3/envs/myenv/lib/python3.9/site-packages/urllib3/connectionpool.py", line 440, in _make_request
    httplib_response = conn.getresponse()
  File "/Users/thomasryde/opt/anaconda3/envs/myenv/lib/python3.9/http/client.py", line 1371, in getresponse
    response.begin()
  File "/Users/thomasryde/opt/anaconda3/envs/myenv/lib/python3.9/http/client.py", line 319, in begin
    version, status, reason = self._read_status()
  File "/Users/thomasryde/opt/anaconda3/envs/myenv/lib/python3.9/http/client.py", line 280, in _read_status
    line = str(self.fp.readline(_MAXLINE + 1), "iso-8859-1")
  File "/Users/thomasryde/opt/anaconda3/envs/myenv/lib/python3.9/socket.py", line 704, in readinto
    return self._sock.recv_into(b)
  File "/Users/thomasryde/opt/anaconda3/envs/myenv/lib/python3.9/ssl.py", line 1241, in recv_into
    return self.read(nbytes, buffer)
  File "/Users/thomasryde/opt/anaconda3/envs/myenv/lib/python3.9/ssl.py", line 1099, in read
    return self._sslobj.read(len, buffer)
socket.timeout: The read operation timed out

During handling of the above exception, another exception occurred:

Traceback (most recent call last):
  File "/Users/thomasryde/opt/anaconda3/envs/myenv/lib/python3.9/site-packages/requests/adapters.py", line 439, in send
    resp = conn.urlopen(
  File "/Users/thomasryde/opt/anaconda3/envs/myenv/lib/python3.9/site-packages/urllib3/connectionpool.py", line 755, in urlopen
    retries = retries.increment(
  File "/Users/thomasryde/opt/anaconda3/envs/myenv/lib/python3.9/site-packages/urllib3/util/retry.py", line 532, in increment
    raise six.reraise(type(error), error, _stacktrace)
  File "/Users/thomasryde/opt/anaconda3/envs/myenv/lib/python3.9/site-packages/urllib3/packages/six.py", line 770, in reraise
    raise value
  File "/Users/thomasryde/opt/anaconda3/envs/myenv/lib/python3.9/site-packages/urllib3/connectionpool.py", line 699, in urlopen
    httplib_response = self._make_request(
  File "/Users/thomasryde/opt/anaconda3/envs/myenv/lib/python3.9/site-packages/urllib3/connectionpool.py", line 447, in _make_request
    self._raise_timeout(err=e, url=url, timeout_value=read_timeout)
  File "/Users/thomasryde/opt/anaconda3/envs/myenv/lib/python3.9/site-packages/urllib3/connectionpool.py", line 336, in _raise_timeout
    raise ReadTimeoutError(
urllib3.exceptions.ReadTimeoutError: HTTPSConnectionPool(host='api.wandb.ai', port=443): Read timed out. (read timeout=10)

During handling of the above exception, another exception occurred:

Traceback (most recent call last):
  File "/Users/thomasryde/opt/anaconda3/envs/myenv/lib/python3.9/site-packages/wandb/sdk/lib/retry.py", line 102, in __call__
    result = self._call_fn(*args, **kwargs)
  File "/Users/thomasryde/opt/anaconda3/envs/myenv/lib/python3.9/site-packages/wandb/sdk/internal/internal_api.py", line 141, in execute
    return self.client.execute(*args, **kwargs)
  File "/Users/thomasryde/opt/anaconda3/envs/myenv/lib/python3.9/site-packages/wandb/vendor/gql-0.2.0/gql/client.py", line 52, in execute
    result = self._get_result(document, *args, **kwargs)
  File "/Users/thomasryde/opt/anaconda3/envs/myenv/lib/python3.9/site-packages/wandb/vendor/gql-0.2.0/gql/client.py", line 60, in _get_result
    return self.transport.execute(document, *args, **kwargs)
  File "/Users/thomasryde/opt/anaconda3/envs/myenv/lib/python3.9/site-packages/wandb/vendor/gql-0.2.0/gql/transport/requests.py", line 38, in execute
    request = requests.post(self.url, **post_args)
  File "/Users/thomasryde/opt/anaconda3/envs/myenv/lib/python3.9/site-packages/requests/api.py", line 117, in post
    return request('post', url, data=data, json=json, **kwargs)
  File "/Users/thomasryde/opt/anaconda3/envs/myenv/lib/python3.9/site-packages/requests/api.py", line 61, in request
    return session.request(method=method, url=url, **kwargs)
  File "/Users/thomasryde/opt/anaconda3/envs/myenv/lib/python3.9/site-packages/requests/sessions.py", line 542, in request
    resp = self.send(prep, **send_kwargs)
  File "/Users/thomasryde/opt/anaconda3/envs/myenv/lib/python3.9/site-packages/requests/sessions.py", line 655, in send
    r = adapter.send(request, **kwargs)
  File "/Users/thomasryde/opt/anaconda3/envs/myenv/lib/python3.9/site-packages/requests/adapters.py", line 529, in send
    raise ReadTimeout(e, request=request)
requests.exceptions.ReadTimeout: HTTPSConnectionPool(host='api.wandb.ai', port=443): Read timed out. (read timeout=10)
2022-01-09 17:32:24,305 DEBUG   HandlerThread:18706 [handler.py:handle_request():130] handle_request: poll_exit
2022-01-09 17:32:29,410 DEBUG   HandlerThread:18706 [handler.py:handle_request():130] handle_request: poll_exit
2022-01-09 17:32:34,513 DEBUG   HandlerThread:18706 [handler.py:handle_request():130] handle_request: poll_exit
2022-01-09 17:32:39,614 DEBUG   HandlerThread:18706 [handler.py:handle_request():130] handle_request: poll_exit
2022-01-09 17:32:44,720 DEBUG   HandlerThread:18706 [handler.py:handle_request():130] handle_request: poll_exit
2022-01-09 17:32:49,826 DEBUG   HandlerThread:18706 [handler.py:handle_request():130] handle_request: poll_exit
2022-01-09 17:32:51,515 WARNING FileStreamThread:18706 [file_stream.py:request_with_retry():594] requests_with_retry encountered retryable exception: 500 Server Error: Internal Server Error for url: https://api.wandb.ai/files/thomasryde/mlops/3pgiloqh/file_stream. func: <bound method Session.post of <requests.sessions.Session object at 0x7f9461276bb0>>, args: ('https://api.wandb.ai/files/thomasryde/mlops/3pgiloqh/file_stream',), kwargs: {'json': {'files': {'wandb-events.jsonl': {'offset': 2, 'content': ['{"system.cpu": 50.98, "system.memory": 74.13, "system.disk": 14.0, "system.proc.memory.availableMB": 2118.83, "system.proc.memory.rssMB": 28.89, "system.proc.memory.percent": 0.35, "system.proc.cpu.threads": 13.0, "system.network.sent": 8377344, "system.network.recv": 72408064, "_wandb": true, "_timestamp": 1641745901, "_runtime": 93}']}, 'output.log': {'offset': 228, 'content': ['ERROR 2022-01-09T16:31:42.379294 libpng warning: iCCP: known incorrect sRGB profile\n', 'ERROR 2022-01-09T16:31:44.386226 libpng warning: iCCP: known incorrect sRGB profile\n', 'ERROR 2022-01-09T16:31:46.387250 libpng warning: iCCP: known incorrect sRGB profile\n']}}, 'dropped': 0}}
2022-01-09 17:32:54,933 DEBUG   HandlerThread:18706 [handler.py:handle_request():130] handle_request: poll_exit
2022-01-09 17:33:00,035 DEBUG   HandlerThread:18706 [handler.py:handle_request():130] handle_request: poll_exit
2022-01-09 17:33:05,145 DEBUG   HandlerThread:18706 [handler.py:handle_request():130] handle_request: poll_exit
2022-01-09 17:33:10,246 DEBUG   HandlerThread:18706 [handler.py:handle_request():130] handle_request: poll_exit
2022-01-09 17:33:15,351 DEBUG   HandlerThread:18706 [handler.py:handle_request():130] handle_request: poll_exit
2022-01-09 17:33:16,699 DEBUG   SenderThread:18706 [sender.py:send():234] send: telemetry
2022-01-09 17:33:16,700 DEBUG   SenderThread:18706 [sender.py:send():234] send: exit
2022-01-09 17:33:16,700 INFO    SenderThread:18706 [sender.py:send_exit():366] handling exit code: 255
2022-01-09 17:33:16,703 INFO    SenderThread:18706 [sender.py:send_exit():368] handling runtime: 102
2022-01-09 17:33:16,707 INFO    SenderThread:18706 [sender.py:_save_file():939] saving file wandb-summary.json with policy end
2022-01-09 17:33:16,709 INFO    SenderThread:18706 [sender.py:send_exit():374] send defer
2022-01-09 17:33:16,710 DEBUG   SenderThread:18706 [sender.py:send_request():248] send_request: poll_exit
2022-01-09 17:33:16,711 DEBUG   SenderThread:18706 [sender.py:send_request():248] send_request: poll_exit
2022-01-09 17:33:16,711 DEBUG   SenderThread:18706 [sender.py:send_request():248] send_request: poll_exit
2022-01-09 17:33:16,712 DEBUG   HandlerThread:18706 [handler.py:handle_request():130] handle_request: defer
2022-01-09 17:33:16,713 DEBUG   SenderThread:18706 [sender.py:send_request():248] send_request: poll_exit
2022-01-09 17:33:16,714 INFO    HandlerThread:18706 [handler.py:handle_request_defer():147] handle defer: 0
2022-01-09 17:33:16,715 DEBUG   SenderThread:18706 [sender.py:send():234] send: stats
2022-01-09 17:33:16,718 DEBUG   SenderThread:18706 [sender.py:send_request():248] send_request: poll_exit
2022-01-09 17:33:16,718 DEBUG   SenderThread:18706 [sender.py:send_request():248] send_request: poll_exit
2022-01-09 17:33:16,719 DEBUG   SenderThread:18706 [sender.py:send_request():248] send_request: poll_exit
2022-01-09 17:33:16,719 DEBUG   SenderThread:18706 [sender.py:send_request():248] send_request: poll_exit
2022-01-09 17:33:16,719 DEBUG   SenderThread:18706 [sender.py:send_request():248] send_request: poll_exit
2022-01-09 17:33:16,720 DEBUG   SenderThread:18706 [sender.py:send_request():248] send_request: poll_exit
2022-01-09 17:33:16,720 DEBUG   SenderThread:18706 [sender.py:send():234] send: stats
2022-01-09 17:33:16,721 DEBUG   SenderThread:18706 [sender.py:send_request():248] send_request: poll_exit
2022-01-09 17:33:16,724 DEBUG   SenderThread:18706 [sender.py:send_request():248] send_request: poll_exit
2022-01-09 17:33:16,726 DEBUG   SenderThread:18706 [sender.py:send_request():248] send_request: poll_exit
2022-01-09 17:33:16,727 DEBUG   SenderThread:18706 [sender.py:send_request():248] send_request: poll_exit
2022-01-09 17:33:16,727 DEBUG   SenderThread:18706 [sender.py:send_request():248] send_request: poll_exit
2022-01-09 17:33:16,728 DEBUG   SenderThread:18706 [sender.py:send_request():248] send_request: poll_exit
2022-01-09 17:33:16,728 DEBUG   SenderThread:18706 [sender.py:send():234] send: stats
2022-01-09 17:33:16,729 DEBUG   SenderThread:18706 [sender.py:send_request():248] send_request: poll_exit
2022-01-09 17:33:16,729 DEBUG   SenderThread:18706 [sender.py:send_request():248] send_request: defer
2022-01-09 17:33:16,729 INFO    SenderThread:18706 [sender.py:send_request_defer():383] handle sender defer: 0
2022-01-09 17:33:16,729 INFO    SenderThread:18706 [sender.py:transition_state():387] send defer: 1
2022-01-09 17:33:16,731 DEBUG   HandlerThread:18706 [handler.py:handle_request():130] handle_request: defer
2022-01-09 17:33:16,731 INFO    HandlerThread:18706 [handler.py:handle_request_defer():147] handle defer: 1
2022-01-09 17:33:16,789 DEBUG   SenderThread:18706 [sender.py:send_request():248] send_request: defer
2022-01-09 17:33:16,789 INFO    SenderThread:18706 [sender.py:send_request_defer():383] handle sender defer: 1
2022-01-09 17:33:16,790 INFO    SenderThread:18706 [sender.py:transition_state():387] send defer: 2
2022-01-09 17:33:16,790 DEBUG   SenderThread:18706 [sender.py:send():234] send: stats
2022-01-09 17:33:16,791 DEBUG   HandlerThread:18706 [handler.py:handle_request():130] handle_request: defer
2022-01-09 17:33:16,791 INFO    HandlerThread:18706 [handler.py:handle_request_defer():147] handle defer: 2
2022-01-09 17:33:16,793 DEBUG   SenderThread:18706 [sender.py:send_request():248] send_request: defer
2022-01-09 17:33:16,793 INFO    SenderThread:18706 [sender.py:send_request_defer():383] handle sender defer: 2
2022-01-09 17:33:16,793 INFO    SenderThread:18706 [sender.py:transition_state():387] send defer: 3
2022-01-09 17:33:16,794 INFO    Thread-8  :18706 [dir_watcher.py:_on_file_modified():230] file/dir modified: /Users/thomasryde/Documents/University/Kandidat/3. Semester/Machine Learning Operations/mlops/wandb/run-20220109_173008-3pgiloqh/files/wandb-summary.json
2022-01-09 17:33:16,794 DEBUG   HandlerThread:18706 [handler.py:handle_request():130] handle_request: defer
2022-01-09 17:33:16,795 INFO    HandlerThread:18706 [handler.py:handle_request_defer():147] handle defer: 3
2022-01-09 17:33:16,795 DEBUG   SenderThread:18706 [sender.py:send():234] send: summary
2022-01-09 17:33:16,796 INFO    SenderThread:18706 [sender.py:_save_file():939] saving file wandb-summary.json with policy end
2022-01-09 17:33:16,796 DEBUG   SenderThread:18706 [sender.py:send_request():248] send_request: defer
2022-01-09 17:33:16,796 INFO    SenderThread:18706 [sender.py:send_request_defer():383] handle sender defer: 3
2022-01-09 17:33:16,796 INFO    SenderThread:18706 [sender.py:transition_state():387] send defer: 4
2022-01-09 17:33:16,797 DEBUG   HandlerThread:18706 [handler.py:handle_request():130] handle_request: defer
2022-01-09 17:33:16,797 INFO    HandlerThread:18706 [handler.py:handle_request_defer():147] handle defer: 4
2022-01-09 17:33:16,797 DEBUG   SenderThread:18706 [sender.py:send_request():248] send_request: defer
2022-01-09 17:33:16,798 INFO    SenderThread:18706 [sender.py:send_request_defer():383] handle sender defer: 4
2022-01-09 17:33:16,835 DEBUG   HandlerThread:18706 [handler.py:handle_request():130] handle_request: poll_exit
2022-01-09 17:33:17,797 INFO    Thread-8  :18706 [dir_watcher.py:_on_file_modified():230] file/dir modified: /Users/thomasryde/Documents/University/Kandidat/3. Semester/Machine Learning Operations/mlops/wandb/run-20220109_173008-3pgiloqh/files/wandb-summary.json
2022-01-09 17:33:21,103 INFO    SenderThread:18706 [sender.py:transition_state():387] send defer: 5
2022-01-09 17:33:21,103 DEBUG   SenderThread:18706 [sender.py:send_request():248] send_request: poll_exit
2022-01-09 17:33:21,104 DEBUG   HandlerThread:18706 [handler.py:handle_request():130] handle_request: defer
2022-01-09 17:33:21,104 INFO    HandlerThread:18706 [handler.py:handle_request_defer():147] handle defer: 5
2022-01-09 17:33:21,105 DEBUG   SenderThread:18706 [sender.py:send_request():248] send_request: defer
2022-01-09 17:33:21,105 INFO    SenderThread:18706 [sender.py:send_request_defer():383] handle sender defer: 5
2022-01-09 17:33:21,105 INFO    SenderThread:18706 [dir_watcher.py:finish():283] shutting down directory watcher
2022-01-09 17:33:21,209 DEBUG   HandlerThread:18706 [handler.py:handle_request():130] handle_request: poll_exit
2022-01-09 17:33:21,806 INFO    Thread-8  :18706 [dir_watcher.py:_on_file_modified():230] file/dir modified: /Users/thomasryde/Documents/University/Kandidat/3. Semester/Machine Learning Operations/mlops/wandb/run-20220109_173008-3pgiloqh/files/config.yaml
2022-01-09 17:33:21,808 INFO    SenderThread:18706 [dir_watcher.py:finish():313] scan: /Users/thomasryde/Documents/University/Kandidat/3. Semester/Machine Learning Operations/mlops/wandb/run-20220109_173008-3pgiloqh/files
2022-01-09 17:33:21,808 INFO    SenderThread:18706 [dir_watcher.py:finish():327] scan save: /Users/thomasryde/Documents/University/Kandidat/3. Semester/Machine Learning Operations/mlops/wandb/run-20220109_173008-3pgiloqh/files/requirements.txt requirements.txt
2022-01-09 17:33:21,809 INFO    SenderThread:18706 [dir_watcher.py:finish():327] scan save: /Users/thomasryde/Documents/University/Kandidat/3. Semester/Machine Learning Operations/mlops/wandb/run-20220109_173008-3pgiloqh/files/output.log output.log
2022-01-09 17:33:21,815 INFO    SenderThread:18706 [dir_watcher.py:finish():327] scan save: /Users/thomasryde/Documents/University/Kandidat/3. Semester/Machine Learning Operations/mlops/wandb/run-20220109_173008-3pgiloqh/files/config.yaml config.yaml
2022-01-09 17:33:21,819 INFO    SenderThread:18706 [dir_watcher.py:finish():327] scan save: /Users/thomasryde/Documents/University/Kandidat/3. Semester/Machine Learning Operations/mlops/wandb/run-20220109_173008-3pgiloqh/files/wandb-summary.json wandb-summary.json
2022-01-09 17:33:21,825 INFO    SenderThread:18706 [dir_watcher.py:finish():327] scan save: /Users/thomasryde/Documents/University/Kandidat/3. Semester/Machine Learning Operations/mlops/wandb/run-20220109_173008-3pgiloqh/files/conda-environment.yaml conda-environment.yaml
2022-01-09 17:33:21,830 INFO    SenderThread:18706 [dir_watcher.py:finish():327] scan save: /Users/thomasryde/Documents/University/Kandidat/3. Semester/Machine Learning Operations/mlops/wandb/run-20220109_173008-3pgiloqh/files/wandb-metadata.json wandb-metadata.json
2022-01-09 17:33:21,830 INFO    SenderThread:18706 [sender.py:transition_state():387] send defer: 6
2022-01-09 17:33:21,831 DEBUG   SenderThread:18706 [sender.py:send_request():248] send_request: poll_exit
2022-01-09 17:33:21,833 DEBUG   HandlerThread:18706 [handler.py:handle_request():130] handle_request: defer
2022-01-09 17:33:21,833 INFO    HandlerThread:18706 [handler.py:handle_request_defer():147] handle defer: 6
2022-01-09 17:33:21,837 DEBUG   SenderThread:18706 [sender.py:send_request():248] send_request: defer
2022-01-09 17:33:21,839 INFO    SenderThread:18706 [sender.py:send_request_defer():383] handle sender defer: 6
2022-01-09 17:33:21,841 INFO    SenderThread:18706 [file_pusher.py:finish():177] shutting down file pusher
2022-01-09 17:33:21,933 DEBUG   HandlerThread:18706 [handler.py:handle_request():130] handle_request: poll_exit
2022-01-09 17:33:21,933 DEBUG   SenderThread:18706 [sender.py:send_request():248] send_request: poll_exit
2022-01-09 17:33:22,038 DEBUG   HandlerThread:18706 [handler.py:handle_request():130] handle_request: poll_exit
2022-01-09 17:33:22,039 DEBUG   SenderThread:18706 [sender.py:send_request():248] send_request: poll_exit
2022-01-09 17:33:22,144 DEBUG   HandlerThread:18706 [handler.py:handle_request():130] handle_request: poll_exit
2022-01-09 17:33:22,145 DEBUG   SenderThread:18706 [sender.py:send_request():248] send_request: poll_exit
2022-01-09 17:33:22,251 DEBUG   HandlerThread:18706 [handler.py:handle_request():130] handle_request: poll_exit
2022-01-09 17:33:22,251 DEBUG   SenderThread:18706 [sender.py:send_request():248] send_request: poll_exit
2022-01-09 17:33:22,357 DEBUG   HandlerThread:18706 [handler.py:handle_request():130] handle_request: poll_exit
2022-01-09 17:33:22,359 DEBUG   SenderThread:18706 [sender.py:send_request():248] send_request: poll_exit
2022-01-09 17:33:22,463 DEBUG   HandlerThread:18706 [handler.py:handle_request():130] handle_request: poll_exit
2022-01-09 17:33:22,464 DEBUG   SenderThread:18706 [sender.py:send_request():248] send_request: poll_exit
2022-01-09 17:33:22,569 DEBUG   HandlerThread:18706 [handler.py:handle_request():130] handle_request: poll_exit
2022-01-09 17:33:22,570 DEBUG   SenderThread:18706 [sender.py:send_request():248] send_request: poll_exit
2022-01-09 17:33:22,676 DEBUG   HandlerThread:18706 [handler.py:handle_request():130] handle_request: poll_exit
2022-01-09 17:33:22,677 DEBUG   SenderThread:18706 [sender.py:send_request():248] send_request: poll_exit
2022-01-09 17:33:22,703 INFO    Thread-12 :18706 [upload_job.py:push():137] Uploaded file /Users/thomasryde/Documents/University/Kandidat/3. Semester/Machine Learning Operations/mlops/wandb/run-20220109_173008-3pgiloqh/files/requirements.txt
2022-01-09 17:33:22,738 INFO    Thread-14 :18706 [upload_job.py:push():137] Uploaded file /Users/thomasryde/Documents/University/Kandidat/3. Semester/Machine Learning Operations/mlops/wandb/run-20220109_173008-3pgiloqh/files/config.yaml
2022-01-09 17:33:22,768 INFO    Thread-15 :18706 [upload_job.py:push():137] Uploaded file /Users/thomasryde/Documents/University/Kandidat/3. Semester/Machine Learning Operations/mlops/wandb/run-20220109_173008-3pgiloqh/files/wandb-summary.json
2022-01-09 17:33:22,782 DEBUG   HandlerThread:18706 [handler.py:handle_request():130] handle_request: poll_exit
2022-01-09 17:33:22,783 DEBUG   SenderThread:18706 [sender.py:send_request():248] send_request: poll_exit
2022-01-09 17:33:22,810 INFO    Thread-13 :18706 [upload_job.py:push():137] Uploaded file /Users/thomasryde/Documents/University/Kandidat/3. Semester/Machine Learning Operations/mlops/wandb/run-20220109_173008-3pgiloqh/files/output.log
2022-01-09 17:33:22,888 DEBUG   HandlerThread:18706 [handler.py:handle_request():130] handle_request: poll_exit
2022-01-09 17:33:22,889 DEBUG   SenderThread:18706 [sender.py:send_request():248] send_request: poll_exit
2022-01-09 17:33:22,994 DEBUG   HandlerThread:18706 [handler.py:handle_request():130] handle_request: poll_exit
2022-01-09 17:33:22,994 DEBUG   SenderThread:18706 [sender.py:send_request():248] send_request: poll_exit
2022-01-09 17:33:23,007 INFO    Thread-16 :18706 [upload_job.py:push():137] Uploaded file /Users/thomasryde/Documents/University/Kandidat/3. Semester/Machine Learning Operations/mlops/wandb/run-20220109_173008-3pgiloqh/files/conda-environment.yaml
2022-01-09 17:33:23,100 DEBUG   HandlerThread:18706 [handler.py:handle_request():130] handle_request: poll_exit
2022-01-09 17:33:23,100 DEBUG   SenderThread:18706 [sender.py:send_request():248] send_request: poll_exit
2022-01-09 17:33:23,202 DEBUG   HandlerThread:18706 [handler.py:handle_request():130] handle_request: poll_exit
2022-01-09 17:33:23,203 DEBUG   SenderThread:18706 [sender.py:send_request():248] send_request: poll_exit
2022-01-09 17:33:23,211 INFO    Thread-7  :18706 [sender.py:transition_state():387] send defer: 7
2022-01-09 17:33:23,212 DEBUG   HandlerThread:18706 [handler.py:handle_request():130] handle_request: defer
2022-01-09 17:33:23,212 INFO    HandlerThread:18706 [handler.py:handle_request_defer():147] handle defer: 7
2022-01-09 17:33:23,212 DEBUG   SenderThread:18706 [sender.py:send_request():248] send_request: defer
2022-01-09 17:33:23,212 INFO    SenderThread:18706 [sender.py:send_request_defer():383] handle sender defer: 7
2022-01-09 17:33:23,308 DEBUG   HandlerThread:18706 [handler.py:handle_request():130] handle_request: poll_exit
2022-01-09 17:33:24,331 INFO    SenderThread:18706 [sender.py:transition_state():387] send defer: 8
2022-01-09 17:33:24,332 DEBUG   SenderThread:18706 [sender.py:send_request():248] send_request: poll_exit
2022-01-09 17:33:24,333 DEBUG   HandlerThread:18706 [handler.py:handle_request():130] handle_request: defer
2022-01-09 17:33:24,333 INFO    HandlerThread:18706 [handler.py:handle_request_defer():147] handle defer: 8
2022-01-09 17:33:24,334 DEBUG   SenderThread:18706 [sender.py:send_request():248] send_request: defer
2022-01-09 17:33:24,334 INFO    SenderThread:18706 [sender.py:send_request_defer():383] handle sender defer: 8
2022-01-09 17:33:24,334 INFO    SenderThread:18706 [sender.py:transition_state():387] send defer: 9
2022-01-09 17:33:24,337 DEBUG   SenderThread:18706 [sender.py:send():234] send: final
2022-01-09 17:33:24,337 DEBUG   SenderThread:18706 [sender.py:send():234] send: footer
2022-01-09 17:33:24,338 DEBUG   HandlerThread:18706 [handler.py:handle_request():130] handle_request: defer
2022-01-09 17:33:24,338 INFO    HandlerThread:18706 [handler.py:handle_request_defer():147] handle defer: 9
2022-01-09 17:33:24,338 DEBUG   SenderThread:18706 [sender.py:send_request():248] send_request: defer
2022-01-09 17:33:24,338 INFO    SenderThread:18706 [sender.py:send_request_defer():383] handle sender defer: 9
2022-01-09 17:33:24,436 DEBUG   HandlerThread:18706 [handler.py:handle_request():130] handle_request: poll_exit
2022-01-09 17:33:24,437 DEBUG   SenderThread:18706 [sender.py:send_request():248] send_request: poll_exit
2022-01-09 17:33:24,437 INFO    SenderThread:18706 [file_pusher.py:join():182] waiting for file pusher
2022-01-09 17:33:24,991 DEBUG   HandlerThread:18706 [handler.py:handle_request():130] handle_request: get_summary
2022-01-09 17:33:24,993 DEBUG   HandlerThread:18706 [handler.py:handle_request():130] handle_request: sampled_history
2022-01-09 17:33:24,994 DEBUG   HandlerThread:18706 [handler.py:handle_request():130] handle_request: shutdown
2022-01-09 17:33:24,995 INFO    HandlerThread:18706 [handler.py:finish():731] shutting down handler
2022-01-09 17:33:25,341 INFO    WriterThread:18706 [datastore.py:close():281] close: /Users/thomasryde/Documents/University/Kandidat/3. Semester/Machine Learning Operations/mlops/wandb/run-20220109_173008-3pgiloqh/run-3pgiloqh.wandb
2022-01-09 17:33:25,993 INFO    SenderThread:18706 [sender.py:finish():1070] shutting down sender
2022-01-09 17:33:25,993 INFO    SenderThread:18706 [file_pusher.py:finish():177] shutting down file pusher
2022-01-09 17:33:25,994 INFO    SenderThread:18706 [file_pusher.py:join():182] waiting for file pusher
2022-01-09 17:33:26,006 INFO    MainThread:18706 [internal.py:handle_exit():77] Internal process exited
